
Showing logs for build [32mzeebe-io-zeebe-operator-master-dwrxm-1[0m stage [32mfrom-build-pack[0m and container [32mstep-credential-initializer-gjvbf[0m
{"level":"info","ts":1592213650.767501,"logger":"fallback-logger","caller":"logging/config.go:69","msg":"Fetch GitHub commit ID from kodata failed: open /var/run/ko/refs/heads/0.8.0-ns-support: no such file or directory"}
{"level":"info","ts":1592213650.7727194,"logger":"fallback-logger","caller":"creds-init/main.go:40","msg":"Credentials initialized."}

Showing logs for build [32mzeebe-io-zeebe-operator-master-dwrxm-1[0m stage [32mfrom-build-pack[0m and container [32mstep-working-dir-initializer-tl694[0m
{"level":"info","ts":1592213651.7305977,"logger":"fallback-logger","caller":"logging/config.go:69","msg":"Fetch GitHub commit ID from kodata failed: open /var/run/ko/HEAD: no such file or directory"}
{"level":"info","ts":1592213651.7384725,"logger":"fallback-logger","caller":"bash/main.go:64","msg":"Successfully executed command \"sh -c mkdir -p /workspace/source\"; output "}

Showing logs for build [32mzeebe-io-zeebe-operator-master-dwrxm-1[0m stage [32mfrom-build-pack[0m and container [32mstep-place-tools[0m

Showing logs for build [32mzeebe-io-zeebe-operator-master-dwrxm-1[0m stage [32mfrom-build-pack[0m and container [32mstep-git-source-zeebe-io-zeebe-operator-master-dwrxm-nssd8[0m
{"level":"info","ts":1592213822.5910149,"logger":"fallback-logger","caller":"logging/config.go:69","msg":"Fetch GitHub commit ID from kodata failed: open /var/run/ko/refs/heads/0.8.0-ns-support: no such file or directory"}
{"level":"info","ts":1592213824.307847,"logger":"fallback-logger","caller":"git/git.go:103","msg":"Successfully cloned https://github.com/zeebe-io/zeebe-operator.git @ v0.0.75 in path /workspace/source"}

Showing logs for build [32mzeebe-io-zeebe-operator-master-dwrxm-1[0m stage [32mfrom-build-pack[0m and container [32mstep-git-merge[0m
Using SHAs from PULL_REFS=master:
WARNING: no SHAs to merge, falling back to initial cloned commit

Showing logs for build [32mzeebe-io-zeebe-operator-master-dwrxm-1[0m stage [32mfrom-build-pack[0m and container [32mstep-setup-jx-git-credentials[0m
Generated Git credentials file /builder/home/git/credentials

Showing logs for build [32mzeebe-io-zeebe-operator-master-dwrxm-1[0m stage [32mfrom-build-pack[0m and container [32mstep-build-make-build[0m
which: no controller-gen in (/usr/local/git/bin:/usr/local/sbin:/usr/local/bin:/usr/sbin:/usr/bin:/sbin:/bin:/usr/bin/google-cloud-sdk/bin:/opt/google/chrome:/usr/local/go/bin:/usr/local/glide:/usr/local/dep:/usr/local/:/home/jenkins/go/bin:/usr/local/kubebuilder/bin)
go get sigs.k8s.io/controller-tools/cmd/controller-gen@v0.2.1
go: finding sigs.k8s.io v0.2.1
go: finding sigs.k8s.io/controller-tools/cmd/controller-gen v0.2.1
go: finding sigs.k8s.io/controller-tools/cmd v0.2.1
go: finding sigs.k8s.io/controller-tools v0.2.1
go: downloading sigs.k8s.io/controller-tools v0.2.1
go: extracting sigs.k8s.io/controller-tools v0.2.1
go: downloading k8s.io/apiextensions-apiserver v0.0.0-20190409022649-727a075fdec8
go: downloading k8s.io/api v0.0.0-20190409021203-6e4e0e4f393b
go: downloading k8s.io/apimachinery v0.0.0-20190404173353-6a84e37a896d
go: downloading sigs.k8s.io/yaml v1.1.0
go: downloading github.com/fatih/color v1.7.0
go: downloading github.com/spf13/cobra v0.0.5
go: downloading golang.org/x/tools v0.0.0-20191017205301-920acffc3e65
go: extracting github.com/fatih/color v1.7.0
go: downloading github.com/gobuffalo/flect v0.1.5
go: extracting sigs.k8s.io/yaml v1.1.0
go: downloading gopkg.in/yaml.v2 v2.2.4
go: extracting github.com/gobuffalo/flect v0.1.5
go: extracting github.com/spf13/cobra v0.0.5
go: downloading github.com/inconshreveable/mousetrap v1.0.0
go: extracting github.com/inconshreveable/mousetrap v1.0.0
go: downloading gopkg.in/yaml.v3 v3.0.0-20190709130402-674ba3eaed22
go: extracting gopkg.in/yaml.v2 v2.2.4
go: downloading github.com/mattn/go-isatty v0.0.8
go: extracting github.com/mattn/go-isatty v0.0.8
go: downloading github.com/spf13/pflag v1.0.5
go: downloading golang.org/x/sys v0.0.0-20191010194322-b09406accb47
go: extracting gopkg.in/yaml.v3 v3.0.0-20190709130402-674ba3eaed22
go: extracting k8s.io/apiextensions-apiserver v0.0.0-20190409022649-727a075fdec8
go: downloading github.com/mattn/go-colorable v0.1.2
go: extracting github.com/spf13/pflag v1.0.5
go: extracting k8s.io/apimachinery v0.0.0-20190404173353-6a84e37a896d
go: extracting k8s.io/api v0.0.0-20190409021203-6e4e0e4f393b
go: extracting github.com/mattn/go-colorable v0.1.2
go: downloading github.com/gogo/protobuf v1.2.2-0.20190723190241-65acae22fc9d
go: downloading github.com/google/gofuzz v1.0.0
go: downloading gopkg.in/inf.v0 v0.9.1
go: downloading k8s.io/klog v1.0.0
go: downloading golang.org/x/net v0.0.0-20191004110552-13f9640d40b9
go: extracting k8s.io/klog v1.0.0
go: extracting github.com/google/gofuzz v1.0.0
go: extracting gopkg.in/inf.v0 v0.9.1
go: extracting golang.org/x/sys v0.0.0-20191010194322-b09406accb47
go: extracting golang.org/x/tools v0.0.0-20191017205301-920acffc3e65
go: extracting golang.org/x/net v0.0.0-20191004110552-13f9640d40b9
go: extracting github.com/gogo/protobuf v1.2.2-0.20190723190241-65acae22fc9d
go: downloading golang.org/x/text v0.3.2
go: extracting golang.org/x/text v0.3.2
go: finding github.com/spf13/cobra v0.0.5
go: finding github.com/spf13/pflag v1.0.5
go: finding github.com/gobuffalo/flect v0.1.5
go: finding golang.org/x/tools v0.0.0-20191017205301-920acffc3e65
go: finding k8s.io/apiextensions-apiserver v0.0.0-20190409022649-727a075fdec8
go: finding k8s.io/apimachinery v0.0.0-20190404173353-6a84e37a896d
go: finding github.com/fatih/color v1.7.0
go: finding k8s.io/api v0.0.0-20190409021203-6e4e0e4f393b
go: finding gopkg.in/yaml.v3 v3.0.0-20190709130402-674ba3eaed22
go: finding github.com/mattn/go-colorable v0.1.2
go: finding github.com/gogo/protobuf v1.2.2-0.20190723190241-65acae22fc9d
go: finding github.com/google/gofuzz v1.0.0
go: finding github.com/mattn/go-isatty v0.0.8
go: finding gopkg.in/inf.v0 v0.9.1
go: finding golang.org/x/sys v0.0.0-20191010194322-b09406accb47
go: finding sigs.k8s.io/yaml v1.1.0
go: finding k8s.io/klog v1.0.0
go: finding gopkg.in/yaml.v2 v2.2.4
go: finding golang.org/x/net v0.0.0-20191004110552-13f9640d40b9
go: finding golang.org/x/text v0.3.2
/home/jenkins/go/bin/controller-gen object:headerFile=./hack/boilerplate.go.txt paths="./..."
go fmt ./...
go vet ./...
go: downloading github.com/onsi/ginkgo v1.10.1
go: downloading github.com/onsi/gomega v1.7.0
go: downloading sigs.k8s.io/testing_frameworks v0.1.1
go: extracting sigs.k8s.io/testing_frameworks v0.1.1
go: extracting github.com/onsi/gomega v1.7.0
go: extracting github.com/onsi/ginkgo v1.10.1
go: downloading github.com/hpcloud/tail v1.0.0
go: extracting github.com/hpcloud/tail v1.0.0
go: downloading gopkg.in/tomb.v1 v1.0.0-20141024135613-dd632973f1e7
go: extracting gopkg.in/tomb.v1 v1.0.0-20141024135613-dd632973f1e7
CGO_ENABLED=0 go build -o bin/manager main.go

Showing logs for build [32mzeebe-io-zeebe-operator-master-dwrxm-1[0m stage [32mfrom-build-pack[0m and container [32mstep-build-container-build[0m
E0615 09:43:05.201542       8 aws_credentials.go:77] while getting AWS credentials NoCredentialProviders: no valid providers in chain. Deprecated.
	For verbose messaging see aws.Config.CredentialsChainVerboseErrors
[36mINFO[0m[0001] Retrieving image manifest alpine:3.10        
E0615 09:43:05.813495       8 metadata.go:154] while reading 'google-dockercfg' metadata: http status code: 404 while fetching url http://metadata.google.internal./computeMetadata/v1/instance/attributes/google-dockercfg
E0615 09:43:05.820512       8 metadata.go:166] while reading 'google-dockercfg-url' metadata: http status code: 404 while fetching url http://metadata.google.internal./computeMetadata/v1/instance/attributes/google-dockercfg-url
[36mINFO[0m[0002] Retrieving image manifest alpine:3.10        
[36mINFO[0m[0003] Built cross stage deps: map[]                
[36mINFO[0m[0003] Retrieving image manifest alpine:3.10        
[36mINFO[0m[0004] Retrieving image manifest alpine:3.10        
[36mINFO[0m[0005] Executing 0 build triggers                   
[36mINFO[0m[0005] Checking for cached layer gcr.io/camunda-researchanddevelopment/cache:91fe4fcde79980af1bbe47826bf4cdae294728713c7a97a834309c2760a57ca5... 
[36mINFO[0m[0006] No cached layer found for cmd RUN apk add --update --no-cache ca-certificates git libc6-compat 
[36mINFO[0m[0006] Unpacking rootfs as cmd RUN apk add --update --no-cache ca-certificates git libc6-compat requires it. 
[36mINFO[0m[0006] RUN apk add --update --no-cache ca-certificates git libc6-compat 
[36mINFO[0m[0006] Taking snapshot of full filesystem...        
[36mINFO[0m[0007] Resolving 478 paths                          
[36mINFO[0m[0007] cmd: /bin/sh                                 
[36mINFO[0m[0007] args: [-c apk add --update --no-cache ca-certificates git libc6-compat] 
[36mINFO[0m[0007] Running: [/bin/sh -c apk add --update --no-cache ca-certificates git libc6-compat] 
fetch http://dl-cdn.alpinelinux.org/alpine/v3.10/main/x86_64/APKINDEX.tar.gz
fetch http://dl-cdn.alpinelinux.org/alpine/v3.10/community/x86_64/APKINDEX.tar.gz
(1/7) Installing ca-certificates (20191127-r2)
(2/7) Installing nghttp2-libs (1.39.2-r1)
(3/7) Installing libcurl (7.66.0-r0)
(4/7) Installing expat (2.2.8-r0)
(5/7) Installing pcre2 (10.33-r0)
(6/7) Installing git (2.22.4-r0)
(7/7) Installing libc6-compat (1.1.22-r3)
Executing busybox-1.30.1-r3.trigger
Executing ca-certificates-20191127-r2.trigger
OK: 21 MiB in 21 packages
[36mINFO[0m[0008] Taking snapshot of full filesystem...        
[36mINFO[0m[0008] Resolving 1159 paths                         
[36mINFO[0m[0011] WORKDIR /                                    
[36mINFO[0m[0011] cmd: workdir                                 
[36mINFO[0m[0011] Changed working directory to /               
[36mINFO[0m[0011] No files changed in this command, skipping snapshotting. 
[36mINFO[0m[0011] Pushing layer gcr.io/camunda-researchanddevelopment/cache:91fe4fcde79980af1bbe47826bf4cdae294728713c7a97a834309c2760a57ca5 to cache now 
[36mINFO[0m[0011] COPY ./bin/manager /manager                  
[36mINFO[0m[0011] Resolving 1 paths                            
[36mINFO[0m[0011] Taking snapshot of files...                  
[36mINFO[0m[0017] ENTRYPOINT ["/manager"]                      
[36mINFO[0m[0017] No files changed in this command, skipping snapshotting. 
[36mINFO[0m[0017] Pushing layer gcr.io/camunda-researchanddevelopment/cache:93095390e7c2b4d4ed94b3ebf594e493d0275fbe801b9e6440b389bfe5b14abb to cache now 

Showing logs for build [32mzeebe-io-zeebe-operator-master-dwrxm-1[0m stage [32mfrom-build-pack[0m and container [32mstep-build-post-build[0m
no CVE provider running in the current ** namespace so skip adding image to be analysed

Showing logs for build [32mzeebe-io-zeebe-operator-master-dwrxm-1[0m stage [32mfrom-build-pack[0m and container [32mstep-promote-changelog[0m
Converted /workspace/source/charts/zeebe-operator to an unshallow repository
Generating change log from git ref 2317462c022d9dfb5486330a6915e0c016ffb32e => e9e6a776cc71a18b548360ff663ee7ba1ab6ccc5
WARNING: No release found for zeebe-io/zeebe-operator and tag v0.0.75 so creating a new release
Updated the release information at https://github.com/zeebe-io/zeebe-operator/releases/tag/v0.0.75
generated: /workspace/source/charts/zeebe-operator/templates/release.yaml
Created Release zeebe-operator-0-0-75 resource in namespace **
Updating PipelineActivity zeebe-io-zeebe-operator-master-1 with version 0.0.75
Updated PipelineActivities zeebe-io-zeebe-operator-master-1 with release notes URL: https://github.com/zeebe-io/zeebe-operator/releases/tag/v0.0.75

Showing logs for build [32mzeebe-io-zeebe-operator-master-dwrxm-1[0m stage [32mfrom-build-pack[0m and container [32mstep-promote-helm-release[0m
WARNING: failed to get the requirements from team settings: validation failures in requirements from team settings:
cluster: Additional property devEnvApprovers is not allowed
velero: Additional property schedule is not allowed
velero: Additional property ttl is not allowed
WARNING: No $CHART_REPOSITORY defined so using the default value of: http://jenkins-x-chartmuseum:8080
Adding missing Helm repo: storage.googleapis.com https://storage.googleapis.com/chartmuseum.jenkins-x.io
Successfully added Helm repository storage.googleapis.com.
Adding missing Helm repo: jenkins-x-chartmuseum http://jenkins-x-chartmuseum:8080
Successfully added Helm repository jenkins-x-chartmuseum.
WARNING: failed to get the requirements from team settings: validation failures in requirements from team settings:
velero: Additional property schedule is not allowed
velero: Additional property ttl is not allowed
cluster: Additional property devEnvApprovers is not allowed
WARNING: No $CHART_REPOSITORY defined so using the default value of: http://jenkins-x-chartmuseum:8080
WARNING: failed to get the requirements from team settings: validation failures in requirements from team settings:
cluster: Additional property devEnvApprovers is not allowed
velero: Additional property schedule is not allowed
velero: Additional property ttl is not allowed
WARNING: No $CHART_REPOSITORY defined so using the default value of: http://jenkins-x-chartmuseum:8080
Uploading chart file zeebe-operator-0.0.75.tgz to http://jenkins-x-chartmuseum:8080/api/charts
Received 201 response: {"saved":true}

Showing logs for build [32mzeebe-io-zeebe-operator-master-dwrxm-1[0m stage [32mfrom-build-pack[0m and container [32mstep-promote-jx-promote[0m
WARNING: prow based install so skip waiting for the merge of Pull Requests to go green as currently there is an issue with gettingstatuses from the PR, see https://github.com/jenkins-x/**/issues/2410
WARNING: failed to get the requirements from team settings: validation failures in requirements from team settings:
velero: Additional property schedule is not allowed
velero: Additional property ttl is not allowed
cluster: Additional property devEnvApprovers is not allowed
WARNING: No $CHART_REPOSITORY defined so using the default value of: http://jenkins-x-chartmuseum:8080
Promoting app zeebe-operator version 0.0.75 to namespace **-staging
Created Pull Request: https://github.com/*******/environment-zeebe-helm-new-staging/pull/26
Added label updatebot to Pull Request https://github.com/*******/environment-zeebe-helm-new-staging/pull/26
got git provider status pending from PR https://github.com/*******/environment-zeebe-helm-new-staging/pull/26
Pull Request https://github.com/*******/environment-zeebe-helm-new-staging/pull/26 is merged at sha e8a24b650c6a605c903d94e94ce854206f798c2b
Pull Request merged but we are not waiting for the update pipeline to complete!
WARNING: Could not find the service URL in namespace **-staging for names zeebe-operator, **-zeebe-operator, **-staging-zeebe-operator
