
Showing logs for build [32mzeebe-io-zeebe-operator-master-4mj6d-12[0m stage [32mfrom-build-pack[0m and container [32mstep-credential-initializer-4dbnc[0m
{"level":"info","ts":1592566684.9553227,"logger":"fallback-logger","caller":"logging/config.go:69","msg":"Fetch GitHub commit ID from kodata failed: open /var/run/ko/refs/heads/0.8.0-ns-support: no such file or directory"}
{"level":"info","ts":1592566684.9956787,"logger":"fallback-logger","caller":"creds-init/main.go:40","msg":"Credentials initialized."}

Showing logs for build [32mzeebe-io-zeebe-operator-master-4mj6d-12[0m stage [32mfrom-build-pack[0m and container [32mstep-working-dir-initializer-5zvqz[0m
{"level":"info","ts":1592566686.0036335,"logger":"fallback-logger","caller":"logging/config.go:69","msg":"Fetch GitHub commit ID from kodata failed: open /var/run/ko/HEAD: no such file or directory"}
{"level":"info","ts":1592566686.097075,"logger":"fallback-logger","caller":"bash/main.go:64","msg":"Successfully executed command \"sh -c mkdir -p /workspace/source\"; output "}

Showing logs for build [32mzeebe-io-zeebe-operator-master-4mj6d-12[0m stage [32mfrom-build-pack[0m and container [32mstep-place-tools[0m

Showing logs for build [32mzeebe-io-zeebe-operator-master-4mj6d-12[0m stage [32mfrom-build-pack[0m and container [32mstep-git-source-zeebe-io-zeebe-operator-master-4mj6d-xt72v[0m
{"level":"info","ts":1592566692.5207942,"logger":"fallback-logger","caller":"logging/config.go:69","msg":"Fetch GitHub commit ID from kodata failed: open /var/run/ko/refs/heads/0.8.0-ns-support: no such file or directory"}
{"level":"info","ts":1592566697.031047,"logger":"fallback-logger","caller":"git/git.go:103","msg":"Successfully cloned https://github.com/zeebe-io/zeebe-operator.git @ v0.0.86 in path /workspace/source"}

Showing logs for build [32mzeebe-io-zeebe-operator-master-4mj6d-12[0m stage [32mfrom-build-pack[0m and container [32mstep-git-merge[0m
Using SHAs from PULL_REFS=master:9317cf213e06c4f625a0250dfad81031c6bf572f
WARNING: no SHAs to merge, falling back to initial cloned commit

Showing logs for build [32mzeebe-io-zeebe-operator-master-4mj6d-12[0m stage [32mfrom-build-pack[0m and container [32mstep-setup-jx-git-credentials[0m
Generated Git credentials file /builder/home/git/credentials

Showing logs for build [32mzeebe-io-zeebe-operator-master-4mj6d-12[0m stage [32mfrom-build-pack[0m and container [32mstep-build-make-build[0m
which: no controller-gen in (/usr/local/git/bin:/usr/local/sbin:/usr/local/bin:/usr/sbin:/usr/bin:/sbin:/bin:/usr/bin/google-cloud-sdk/bin:/opt/google/chrome:/usr/local/go/bin:/usr/local/glide:/usr/local/dep:/usr/local/:/home/jenkins/go/bin:/usr/local/kubebuilder/bin)
go get sigs.k8s.io/controller-tools/cmd/controller-gen@v0.2.1
go: finding sigs.k8s.io v0.2.1
go: finding sigs.k8s.io/controller-tools/cmd/controller-gen v0.2.1
go: finding sigs.k8s.io/controller-tools/cmd v0.2.1
go: finding sigs.k8s.io/controller-tools v0.2.1
go: downloading sigs.k8s.io/controller-tools v0.2.1
go: extracting sigs.k8s.io/controller-tools v0.2.1
go: downloading k8s.io/apimachinery v0.0.0-20190404173353-6a84e37a896d
go: downloading github.com/spf13/cobra v1.0.0
go: downloading k8s.io/apiextensions-apiserver v0.0.0-20190409022649-727a075fdec8
go: downloading github.com/gobuffalo/flect v0.1.5
go: extracting github.com/gobuffalo/flect v0.1.5
go: downloading sigs.k8s.io/yaml v1.1.0
go: downloading golang.org/x/tools v0.0.0-20191017205301-920acffc3e65
go: extracting github.com/spf13/cobra v1.0.0
go: extracting sigs.k8s.io/yaml v1.1.0
go: downloading gopkg.in/yaml.v2 v2.3.0
go: downloading github.com/spf13/pflag v1.0.5
go: extracting k8s.io/apiextensions-apiserver v0.0.0-20190409022649-727a075fdec8
go: extracting gopkg.in/yaml.v2 v2.3.0
go: downloading gopkg.in/yaml.v3 v3.0.0-20200313102051-9f266ea9e77c
go: extracting github.com/spf13/pflag v1.0.5
go: extracting gopkg.in/yaml.v3 v3.0.0-20200313102051-9f266ea9e77c
go: downloading github.com/fatih/color v1.7.0
go: downloading github.com/inconshreveable/mousetrap v1.0.0
go: downloading github.com/gogo/protobuf v1.3.1
go: extracting k8s.io/apimachinery v0.0.0-20190404173353-6a84e37a896d
go: downloading k8s.io/api v0.0.0-20190409021203-6e4e0e4f393b
go: extracting github.com/inconshreveable/mousetrap v1.0.0
go: extracting github.com/fatih/color v1.7.0
go: downloading k8s.io/klog v1.0.0
go: extracting k8s.io/api v0.0.0-20190409021203-6e4e0e4f393b
go: extracting k8s.io/klog v1.0.0
go: downloading github.com/mattn/go-isatty v0.0.12
go: extracting golang.org/x/tools v0.0.0-20191017205301-920acffc3e65
go: downloading github.com/mattn/go-colorable v0.1.2
go: extracting github.com/mattn/go-isatty v0.0.12
go: extracting github.com/mattn/go-colorable v0.1.2
go: downloading github.com/google/gofuzz v1.0.0
go: downloading golang.org/x/net v0.0.0-20200602114024-627f9648deb9
go: extracting github.com/google/gofuzz v1.0.0
go: extracting github.com/gogo/protobuf v1.3.1
go: downloading golang.org/x/sys v0.0.0-20200323222414-85ca7c5b95cd
go: downloading gopkg.in/inf.v0 v0.9.1
go: extracting golang.org/x/net v0.0.0-20200602114024-627f9648deb9
go: extracting gopkg.in/inf.v0 v0.9.1
go: extracting golang.org/x/sys v0.0.0-20200323222414-85ca7c5b95cd
go: downloading golang.org/x/text v0.3.2
go: extracting golang.org/x/text v0.3.2
go: finding github.com/spf13/cobra v1.0.0
go: finding github.com/gobuffalo/flect v0.1.5
go: finding github.com/spf13/pflag v1.0.5
go: finding golang.org/x/tools v0.0.0-20191017205301-920acffc3e65
go: finding k8s.io/apiextensions-apiserver v0.0.0-20190409022649-727a075fdec8
go: finding k8s.io/apimachinery v0.0.0-20190404173353-6a84e37a896d
go: finding github.com/fatih/color v1.7.0
go: finding k8s.io/api v0.0.0-20190409021203-6e4e0e4f393b
go: finding gopkg.in/yaml.v3 v3.0.0-20200313102051-9f266ea9e77c
go: finding github.com/gogo/protobuf v1.3.1
go: finding github.com/mattn/go-colorable v0.1.2
go: finding github.com/google/gofuzz v1.0.0
go: finding github.com/mattn/go-isatty v0.0.12
go: finding gopkg.in/inf.v0 v0.9.1
go: finding golang.org/x/sys v0.0.0-20200323222414-85ca7c5b95cd
go: finding k8s.io/klog v1.0.0
go: finding sigs.k8s.io/yaml v1.1.0
go: finding gopkg.in/yaml.v2 v2.3.0
go: finding golang.org/x/net v0.0.0-20200602114024-627f9648deb9
go: finding golang.org/x/text v0.3.2
/home/jenkins/go/bin/controller-gen object:headerFile=./hack/boilerplate.go.txt paths="./..."
go fmt ./...
main.go
api/v1/operate_types.go
controllers/operate_controller.go
controllers/zeebecluster_controller.go
go vet ./...
go: downloading github.com/onsi/ginkgo v1.10.1
go: downloading github.com/onsi/gomega v1.7.0
go: downloading sigs.k8s.io/testing_frameworks v0.1.1
go: extracting sigs.k8s.io/testing_frameworks v0.1.1
go: extracting github.com/onsi/gomega v1.7.0
go: extracting github.com/onsi/ginkgo v1.10.1
go: downloading github.com/hpcloud/tail v1.0.0
go: extracting github.com/hpcloud/tail v1.0.0
go: downloading gopkg.in/tomb.v1 v1.0.0-20141024135613-dd632973f1e7
go: extracting gopkg.in/tomb.v1 v1.0.0-20141024135613-dd632973f1e7
CGO_ENABLED=0 go build -o bin/manager main.go

Showing logs for build [32mzeebe-io-zeebe-operator-master-4mj6d-12[0m stage [32mfrom-build-pack[0m and container [32mstep-build-container-build[0m
E0619 11:42:36.693632       8 aws_credentials.go:77] while getting AWS credentials NoCredentialProviders: no valid providers in chain. Deprecated.
	For verbose messaging see aws.Config.CredentialsChainVerboseErrors
[36mINFO[0m[0001] Retrieving image manifest alpine:3.10        
E0619 11:42:37.127673       8 metadata.go:154] while reading 'google-dockercfg' metadata: http status code: 404 while fetching url http://metadata.google.internal./computeMetadata/v1/instance/attributes/google-dockercfg
E0619 11:42:37.131624       8 metadata.go:166] while reading 'google-dockercfg-url' metadata: http status code: 404 while fetching url http://metadata.google.internal./computeMetadata/v1/instance/attributes/google-dockercfg-url
[36mINFO[0m[0002] Retrieving image manifest alpine:3.10        
[36mINFO[0m[0003] Built cross stage deps: map[]                
[36mINFO[0m[0003] Retrieving image manifest alpine:3.10        
[36mINFO[0m[0004] Retrieving image manifest alpine:3.10        
[36mINFO[0m[0005] Executing 0 build triggers                   
[36mINFO[0m[0005] Checking for cached layer gcr.io/camunda-researchanddevelopment/cache:91fe4fcde79980af1bbe47826bf4cdae294728713c7a97a834309c2760a57ca5... 
[36mINFO[0m[0006] Using caching version of cmd: RUN apk add --update --no-cache ca-certificates git libc6-compat 
[36mINFO[0m[0006] Checking for cached layer gcr.io/camunda-researchanddevelopment/cache:ee6c6fa10466d5604e5c54d6f1fdc27454ceb0f6a46f4929f4eae719bc544a62... 
[36mINFO[0m[0007] Using caching version of cmd: COPY ./bin/manager /manager 
[36mINFO[0m[0007] Skipping unpacking as no commands require it. 
[36mINFO[0m[0007] RUN apk add --update --no-cache ca-certificates git libc6-compat 
[36mINFO[0m[0007] Found cached layer, extracting to filesystem 
[36mINFO[0m[0007] WORKDIR /                                    
[36mINFO[0m[0007] cmd: workdir                                 
[36mINFO[0m[0007] Changed working directory to /               
[36mINFO[0m[0007] No files changed in this command, skipping snapshotting. 
[36mINFO[0m[0008] COPY ./bin/manager /manager                  
[36mINFO[0m[0008] Found cached layer, extracting to filesystem 
[36mINFO[0m[0009] ENTRYPOINT ["/manager"]                      
[36mINFO[0m[0009] No files changed in this command, skipping snapshotting. 

Showing logs for build [32mzeebe-io-zeebe-operator-master-4mj6d-12[0m stage [32mfrom-build-pack[0m and container [32mstep-build-post-build[0m
no CVE provider running in the current ** namespace so skip adding image to be analysed

Showing logs for build [32mzeebe-io-zeebe-operator-master-4mj6d-12[0m stage [32mfrom-build-pack[0m and container [32mstep-promote-changelog[0m
Converted /workspace/source/charts/zeebe-operator to an unshallow repository
Generating change log from git ref f2f3716015adf8f8f62ac30fca24a18870efe8e6 => c8812357e75c5e0667b11ee0069074bd4e706251
WARNING: Failed to enrich commit 9317cf213e06c4f625a0250dfad81031c6bf572f with issues: selected more than one user from users.jenkins.io: [******* x-0]
WARNING: Failed to enrich commit 9317cf213e06c4f625a0250dfad81031c6bf572f with issues: selected more than one user from users.jenkins.io: [******* x-0]
Finding issues in commit messages using git format
WARNING: No release found for zeebe-io/zeebe-operator and tag v0.0.86 so creating a new release
Updated the release information at https://github.com/zeebe-io/zeebe-operator/releases/tag/v0.0.86
generated: /workspace/source/charts/zeebe-operator/templates/release.yaml
Created Release zeebe-operator-0-0-86 resource in namespace **
Updating PipelineActivity zeebe-io-zeebe-operator-master-12 with version 0.0.86
Updated PipelineActivities zeebe-io-zeebe-operator-master-12 with release notes URL: https://github.com/zeebe-io/zeebe-operator/releases/tag/v0.0.86

Showing logs for build [32mzeebe-io-zeebe-operator-master-4mj6d-12[0m stage [32mfrom-build-pack[0m and container [32mstep-promote-helm-release[0m
WARNING: failed to get the requirements from team settings: validation failures in requirements from team settings:
velero: Additional property schedule is not allowed
velero: Additional property ttl is not allowed
cluster: Additional property devEnvApprovers is not allowed
WARNING: No $CHART_REPOSITORY defined so using the default value of: http://jenkins-x-chartmuseum:8080
Adding missing Helm repo: storage.googleapis.com https://storage.googleapis.com/chartmuseum.jenkins-x.io
Successfully added Helm repository storage.googleapis.com.
Adding missing Helm repo: jenkins-x-chartmuseum http://jenkins-x-chartmuseum:8080
Successfully added Helm repository jenkins-x-chartmuseum.
WARNING: failed to get the requirements from team settings: validation failures in requirements from team settings:
velero: Additional property schedule is not allowed
velero: Additional property ttl is not allowed
cluster: Additional property devEnvApprovers is not allowed
WARNING: No $CHART_REPOSITORY defined so using the default value of: http://jenkins-x-chartmuseum:8080
WARNING: failed to get the requirements from team settings: validation failures in requirements from team settings:
velero: Additional property schedule is not allowed
velero: Additional property ttl is not allowed
cluster: Additional property devEnvApprovers is not allowed
WARNING: No $CHART_REPOSITORY defined so using the default value of: http://jenkins-x-chartmuseum:8080
Uploading chart file zeebe-operator-0.0.86.tgz to http://jenkins-x-chartmuseum:8080/api/charts
Received 201 response: {"saved":true}

Showing logs for build [32mzeebe-io-zeebe-operator-master-4mj6d-12[0m stage [32mfrom-build-pack[0m and container [32mstep-promote-jx-promote[0m
WARNING: prow based install so skip waiting for the merge of Pull Requests to go green as currently there is an issue with gettingstatuses from the PR, see https://github.com/jenkins-x/**/issues/2410
WARNING: failed to get the requirements from team settings: validation failures in requirements from team settings:
velero: Additional property schedule is not allowed
velero: Additional property ttl is not allowed
cluster: Additional property devEnvApprovers is not allowed
WARNING: No $CHART_REPOSITORY defined so using the default value of: http://jenkins-x-chartmuseum:8080
Promoting app zeebe-operator version 0.0.86 to namespace **-staging
Created Pull Request: https://github.com/*******/environment-zeebe-helm-new-staging/pull/38
Added label updatebot to Pull Request https://github.com/*******/environment-zeebe-helm-new-staging/pull/38
got git provider status pending from PR https://github.com/*******/environment-zeebe-helm-new-staging/pull/38
got git provider status pending from PR https://github.com/*******/environment-zeebe-helm-new-staging/pull/38
got git provider status pending from PR https://github.com/*******/environment-zeebe-helm-new-staging/pull/38
got git provider status pending from PR https://github.com/*******/environment-zeebe-helm-new-staging/pull/38
Pull Request https://github.com/*******/environment-zeebe-helm-new-staging/pull/38 is merged at sha 1c741c24986e258208b7a39436dd11549d944ce2
Pull Request merged but we are not waiting for the update pipeline to complete!
