
Showing logs for build [32mzeebe-io-zeebe-operator-master-9g4mm-18[0m stage [32mfrom-build-pack[0m and container [32mstep-credential-initializer-p44z5[0m
{"level":"info","ts":1593175527.250823,"logger":"fallback-logger","caller":"logging/config.go:69","msg":"Fetch GitHub commit ID from kodata failed: open /var/run/ko/refs/heads/0.8.0-ns-support: no such file or directory"}
{"level":"info","ts":1593175527.2525125,"logger":"fallback-logger","caller":"creds-init/main.go:40","msg":"Credentials initialized."}

Showing logs for build [32mzeebe-io-zeebe-operator-master-9g4mm-18[0m stage [32mfrom-build-pack[0m and container [32mstep-working-dir-initializer-4gdhg[0m
{"level":"info","ts":1593175528.4713385,"logger":"fallback-logger","caller":"logging/config.go:69","msg":"Fetch GitHub commit ID from kodata failed: open /var/run/ko/HEAD: no such file or directory"}
{"level":"info","ts":1593175528.4794922,"logger":"fallback-logger","caller":"bash/main.go:64","msg":"Successfully executed command \"sh -c mkdir -p /workspace/source\"; output "}

Showing logs for build [32mzeebe-io-zeebe-operator-master-9g4mm-18[0m stage [32mfrom-build-pack[0m and container [32mstep-place-tools[0m

Showing logs for build [32mzeebe-io-zeebe-operator-master-9g4mm-18[0m stage [32mfrom-build-pack[0m and container [32mstep-git-source-zeebe-io-zeebe-operator-master-9g4mm-z5ql9[0m
{"level":"info","ts":1593175534.5191202,"logger":"fallback-logger","caller":"logging/config.go:69","msg":"Fetch GitHub commit ID from kodata failed: open /var/run/ko/refs/heads/0.8.0-ns-support: no such file or directory"}
{"level":"info","ts":1593175543.6868427,"logger":"fallback-logger","caller":"git/git.go:103","msg":"Successfully cloned https://github.com/zeebe-io/zeebe-operator.git @ v0.0.92 in path /workspace/source"}

Showing logs for build [32mzeebe-io-zeebe-operator-master-9g4mm-18[0m stage [32mfrom-build-pack[0m and container [32mstep-git-merge[0m
Using SHAs from PULL_REFS=master:277660a5f75f01f6496c684484921fc2909bf710
WARNING: no SHAs to merge, falling back to initial cloned commit

Showing logs for build [32mzeebe-io-zeebe-operator-master-9g4mm-18[0m stage [32mfrom-build-pack[0m and container [32mstep-setup-jx-git-credentials[0m
Generated Git credentials file /builder/home/git/credentials

Showing logs for build [32mzeebe-io-zeebe-operator-master-9g4mm-18[0m stage [32mfrom-build-pack[0m and container [32mstep-build-make-build[0m
which: no controller-gen in (/usr/local/git/bin:/usr/local/sbin:/usr/local/bin:/usr/sbin:/usr/bin:/sbin:/bin:/usr/bin/google-cloud-sdk/bin:/opt/google/chrome:/usr/local/go/bin:/usr/local/glide:/usr/local/dep:/usr/local/:/home/jenkins/go/bin:/usr/local/kubebuilder/bin)
go get sigs.k8s.io/controller-tools/cmd/controller-gen@v0.2.1
go: finding sigs.k8s.io/controller-tools/cmd/controller-gen v0.2.1
go: finding sigs.k8s.io/controller-tools/cmd v0.2.1
go: finding sigs.k8s.io/controller-tools v0.2.1
go: finding sigs.k8s.io v0.2.1
go: downloading sigs.k8s.io/controller-tools v0.2.1
go: extracting sigs.k8s.io/controller-tools v0.2.1
go: downloading github.com/spf13/cobra v1.0.0
go: downloading k8s.io/apimachinery v0.0.0-20190404173353-6a84e37a896d
go: downloading k8s.io/api v0.0.0-20190409021203-6e4e0e4f393b
go: downloading k8s.io/apiextensions-apiserver v0.0.0-20190409022649-727a075fdec8
go: downloading golang.org/x/tools v0.0.0-20191017205301-920acffc3e65
go: extracting github.com/spf13/cobra v1.0.0
go: extracting k8s.io/apimachinery v0.0.0-20190404173353-6a84e37a896d
go: extracting k8s.io/apiextensions-apiserver v0.0.0-20190409022649-727a075fdec8
go: extracting k8s.io/api v0.0.0-20190409021203-6e4e0e4f393b
go: downloading github.com/inconshreveable/mousetrap v1.0.0
go: downloading gopkg.in/yaml.v3 v3.0.0-20200313102051-9f266ea9e77c
go: downloading github.com/fatih/color v1.7.0
go: downloading github.com/spf13/pflag v1.0.5
go: downloading github.com/gogo/protobuf v1.3.1
go: extracting github.com/inconshreveable/mousetrap v1.0.0
go: downloading k8s.io/klog v1.0.0
go: extracting github.com/fatih/color v1.7.0
go: downloading github.com/mattn/go-colorable v0.1.2
go: extracting github.com/spf13/pflag v1.0.5
go: extracting gopkg.in/yaml.v3 v3.0.0-20200313102051-9f266ea9e77c
go: downloading github.com/google/gofuzz v1.0.0
go: extracting github.com/mattn/go-colorable v0.1.2
go: extracting k8s.io/klog v1.0.0
go: downloading sigs.k8s.io/yaml v1.1.0
go: downloading gopkg.in/inf.v0 v0.9.1
go: downloading golang.org/x/net v0.0.0-20200602114024-627f9648deb9
go: extracting golang.org/x/tools v0.0.0-20191017205301-920acffc3e65
go: extracting github.com/google/gofuzz v1.0.0
go: extracting gopkg.in/inf.v0 v0.9.1
go: downloading github.com/gobuffalo/flect v0.1.5
go: extracting sigs.k8s.io/yaml v1.1.0
go: extracting github.com/gobuffalo/flect v0.1.5
go: downloading github.com/mattn/go-isatty v0.0.12
go: extracting github.com/mattn/go-isatty v0.0.12
go: downloading gopkg.in/yaml.v2 v2.3.0
go: extracting golang.org/x/net v0.0.0-20200602114024-627f9648deb9
go: extracting gopkg.in/yaml.v2 v2.3.0
go: downloading golang.org/x/sys v0.0.0-20200323222414-85ca7c5b95cd
go: extracting github.com/gogo/protobuf v1.3.1
go: downloading golang.org/x/text v0.3.2
go: extracting golang.org/x/sys v0.0.0-20200323222414-85ca7c5b95cd
go: extracting golang.org/x/text v0.3.2
go: finding github.com/spf13/cobra v1.0.0
go: finding github.com/gobuffalo/flect v0.1.5
go: finding github.com/spf13/pflag v1.0.5
go: finding golang.org/x/tools v0.0.0-20191017205301-920acffc3e65
go: finding k8s.io/apiextensions-apiserver v0.0.0-20190409022649-727a075fdec8
go: finding k8s.io/apimachinery v0.0.0-20190404173353-6a84e37a896d
go: finding github.com/fatih/color v1.7.0
go: finding k8s.io/api v0.0.0-20190409021203-6e4e0e4f393b
go: finding gopkg.in/yaml.v3 v3.0.0-20200313102051-9f266ea9e77c
go: finding github.com/gogo/protobuf v1.3.1
go: finding github.com/mattn/go-colorable v0.1.2
go: finding github.com/google/gofuzz v1.0.0
go: finding github.com/mattn/go-isatty v0.0.12
go: finding gopkg.in/inf.v0 v0.9.1
go: finding k8s.io/klog v1.0.0
go: finding golang.org/x/sys v0.0.0-20200323222414-85ca7c5b95cd
go: finding sigs.k8s.io/yaml v1.1.0
go: finding gopkg.in/yaml.v2 v2.3.0
go: finding golang.org/x/net v0.0.0-20200602114024-627f9648deb9
go: finding golang.org/x/text v0.3.2
/home/jenkins/go/bin/controller-gen object:headerFile=./hack/boilerplate.go.txt paths="./..."
go fmt ./...
api/v1/zeebecluster_types.go
go vet ./...
go: downloading github.com/onsi/gomega v1.7.0
go: downloading sigs.k8s.io/testing_frameworks v0.1.1
go: downloading github.com/onsi/ginkgo v1.10.1
go: extracting sigs.k8s.io/testing_frameworks v0.1.1
go: extracting github.com/onsi/gomega v1.7.0
go: extracting github.com/onsi/ginkgo v1.10.1
go: downloading github.com/hpcloud/tail v1.0.0
go: extracting github.com/hpcloud/tail v1.0.0
go: downloading gopkg.in/tomb.v1 v1.0.0-20141024135613-dd632973f1e7
go: extracting gopkg.in/tomb.v1 v1.0.0-20141024135613-dd632973f1e7
# zeebe-operator/controllers
controllers/zeebecluster_controller.go:370:19: Sprintf call needs 4 args but has 5 args
make: *** [vet] Error 2
[31m
Pipeline failed on stage 'from-build-pack' : container 'step-build-make-build'. The execution of the pipeline has stopped.[0m
