
Showing logs for build [32mmeta-zeebe-io-zeebe-operator-ma-mnw8n-5[0m stage [32mmeta-pipeline[0m and container [32mstep-credential-initializer-c6jwb[0m
{"level":"info","ts":1592239494.580665,"logger":"fallback-logger","caller":"logging/config.go:69","msg":"Fetch GitHub commit ID from kodata failed: open /var/run/ko/refs/heads/0.8.0-ns-support: no such file or directory"}
{"level":"info","ts":1592239494.581481,"logger":"fallback-logger","caller":"creds-init/main.go:40","msg":"Credentials initialized."}

Showing logs for build [32mmeta-zeebe-io-zeebe-operator-ma-mnw8n-5[0m stage [32mmeta-pipeline[0m and container [32mstep-working-dir-initializer-2h9wg[0m
{"level":"info","ts":1592239495.8692777,"logger":"fallback-logger","caller":"logging/config.go:69","msg":"Fetch GitHub commit ID from kodata failed: open /var/run/ko/HEAD: no such file or directory"}
{"level":"info","ts":1592239495.8812113,"logger":"fallback-logger","caller":"bash/main.go:64","msg":"Successfully executed command \"sh -c mkdir -p /workspace/source\"; output "}

Showing logs for build [32mmeta-zeebe-io-zeebe-operator-ma-mnw8n-5[0m stage [32mmeta-pipeline[0m and container [32mstep-place-tools[0m

Showing logs for build [32mmeta-zeebe-io-zeebe-operator-ma-mnw8n-5[0m stage [32mmeta-pipeline[0m and container [32mstep-git-source-meta-zeebe-io-zeebe-operator-ma-mnw8n-wc5rp[0m
{"level":"info","ts":1592239500.9127975,"logger":"fallback-logger","caller":"logging/config.go:69","msg":"Fetch GitHub commit ID from kodata failed: open /var/run/ko/refs/heads/0.8.0-ns-support: no such file or directory"}
{"level":"info","ts":1592239502.241566,"logger":"fallback-logger","caller":"git/git.go:103","msg":"Successfully cloned https://github.com/zeebe-io/zeebe-operator.git @ f905a9e2e9cc2e8278d871b4d3d98cf0d538d27c in path /workspace/source"}

Showing logs for build [32mmeta-zeebe-io-zeebe-operator-ma-mnw8n-5[0m stage [32mmeta-pipeline[0m and container [32mstep-git-merge[0m
Using SHAs from PULL_REFS=master:f905a9e2e9cc2e8278d871b4d3d98cf0d538d27c
WARNING: no SHAs to merge, falling back to initial cloned commit

Showing logs for build [32mmeta-zeebe-io-zeebe-operator-ma-mnw8n-5[0m stage [32mmeta-pipeline[0m and container [32mstep-merge-pull-refs[0m
SKIP merge-pull-refs: Nothing to merge

Showing logs for build [32mmeta-zeebe-io-zeebe-operator-ma-mnw8n-5[0m stage [32mmeta-pipeline[0m and container [32mstep-create-effective-pipeline[0m
Effective pipeline written to jenkins-x-release-effective.yml

Showing logs for build [32mmeta-zeebe-io-zeebe-operator-ma-mnw8n-5[0m stage [32mmeta-pipeline[0m and container [32mstep-create-tekton-crds[0m
running command: echo \$(**-release-version) > VERSION

running command: ** step tag --version \$(cat VERSION)
Updating chart version in charts/zeebe-operator/Chart.yaml to 0.0.79
Updating repository in charts/zeebe-operator/values.yaml to gcr.io/camunda-researchanddevelopment/zeebe-operator
Updating tag in charts/zeebe-operator/values.yaml to 0.0.79
error: Have you set up a git credential helper? See https://help.github.com/articles/caching-your-github-password-in-git/
: git output: To https://github.com/zeebe-io/zeebe-operator.git
 ! [remote rejected] v0.0.79 -> v0.0.79 (cannot lock ref 'refs/tags/v0.0.79': reference already exists)
error: failed to push some refs to 'https://github.com/zeebe-io/zeebe-operator.git': failed to run 'git push origin v0.0.79' command in directory '', output: 'To https://github.com/zeebe-io/zeebe-operator.git
 ! [remote rejected] v0.0.79 -> v0.0.79 (cannot lock ref 'refs/tags/v0.0.79': reference already exists)
error: failed to push some refs to 'https://github.com/zeebe-io/zeebe-operator.git''
error: failed to set the version on release pipelines: failed to run '/bin/sh -c ** step tag --version $(cat VERSION)' command in directory '/workspace/source', output: ''
[31m
Pipeline failed on stage 'meta-pipeline' : container 'step-create-tekton-crds'. The execution of the pipeline has stopped.[0m
